<?xml version="1.0" encoding="utf-8"?>
<CoverageSession xmlns:xsd="http://www.w3.org/2001/XMLSchema" xmlns:xsi="http://www.w3.org/2001/XMLSchema-instance">
  <Summary numSequencePoints="6" visitedSequencePoints="4" />
  <Modules>
    <Module>
      <ModulePath>C:\build\MyApp.dll</ModulePath>
      <Files>
        <File uid="1" fullPath="C:\src\Calculator.cs" />
        <File uid="2" fullPath="C:\src\Helper.cs" />
      </Files>
      <Classes>
        <Class>
          <FullName>MyApp.Calculator</FullName>
          <Methods>
            <Method visited="true" cyclomaticComplexity="1">
              <SequencePoints>
                <SequencePoint vc="5" us="false" il="0" sl="10" sc="9" el="10" ec="35" bec="0" bev="0" fileid="1" />
                <SequencePoint vc="5" us="false" il="1" sl="11" sc="13" el="11" ec="30" bec="0" bev="0" fileid="1" />
                <SequencePoint vc="2" us="false" il="2" sl="12" sc="13" el="12" ec="35" bec="0" bev="0" fileid="1" />
                <SequencePoint vc="0" us="false" il="3" sl="13" sc="13" el="13" ec="40" bec="0" bev="0" fileid="1" />
              </SequencePoints>
            </Method>
            <Method visited="true" cyclomaticComplexity="1">
              <SequencePoints>
                <SequencePoint vc="1" us="false" il="0" sl="20" sc="9" el="20" ec="35" bec="0" bev="0" fileid="2" />
                <SequencePoint vc="0" us="false" il="1" sl="21" sc="9" el="21" ec="35" bec="0" bev="0" fileid="2" />
              </SequencePoints>
            </Method>
          </Methods>
        </Class>
      </Classes>
    </Module>
  </Modules>
</CoverageSession>
