<?xml version="1.0" encoding="utf-8"?>
<coverage version="1" timestamp="1700000000" lines-valid="8" lines-covered="5" line-rate="0.625" branches-covered="0" branches-valid="0" branch-rate="0" complexity="0">
  <packages>
    <package name="MyApp" line-rate="0.625" branch-rate="0" complexity="0">
      <classes>
        <class name="Calculator" filename="src/Calculator.cs" line-rate="0.6" branch-rate="0" complexity="0">
          <lines>
            <line number="5" hits="3" branch="false" />
            <line number="6" hits="3" branch="false" />
            <line number="7" hits="1" branch="false" />
            <line number="8" hits="0" branch="false" />
            <line number="9" hits="0" branch="false" />
          </lines>
        </class>
        <class name="Helper" filename="src/Helper.cs" line-rate="0.667" branch-rate="0" complexity="0">
          <lines>
            <line number="3" hits="2" branch="false" />
            <line number="4" hits="2" branch="false" />
            <line number="5" hits="0" branch="false" />
          </lines>
        </class>
      </classes>
    </package>
  </packages>
</coverage>
